2022-04-27 09:30:44,558 INFO  StartupInfoLogger:55 - [] Starting CarWashWasherApplication using Java 17.0.1 on LAPTOP-D175MD23 with PID 9192 (C:\Users\91937\OneDrive\Documents\On Demand Car Wash System\Microservices for Car-wash\CarWashWasher\target\classes started by 91937 in C:\Users\91937\OneDrive\Documents\On Demand Car Wash System\Microservices for Car-wash\CarWashWasher)
2022-04-27 09:30:44,617 INFO  SpringApplication:640 - [] No active profile set, falling back to 1 default profile: "default"
2022-04-27 09:30:49,503 INFO  RepositoryConfigurationDelegate:132 - [] Bootstrapping Spring Data MongoDB repositories in DEFAULT mode.
2022-04-27 09:30:50,544 INFO  RepositoryConfigurationDelegate:201 - [] Finished Spring Data repository scanning in 1008 ms. Found 1 MongoDB repository interfaces.
2022-04-27 09:30:52,166 INFO  GenericScope:283 - [] BeanFactory id=ff29e8c2-c3e6-3a32-b817-3240761dfdef
2022-04-27 09:30:53,555 INFO  TomcatWebServer:108 - [] Tomcat initialized with port(s): 9004 (http)
2022-04-27 09:30:53,584 INFO  DirectJDKLog:173 - [] Starting service [Tomcat]
2022-04-27 09:30:53,586 INFO  DirectJDKLog:173 - [] Starting Servlet engine: [Apache Tomcat/9.0.60]
2022-04-27 09:30:54,246 INFO  DirectJDKLog:173 - [] Initializing Spring embedded WebApplicationContext
2022-04-27 09:30:54,250 INFO  ServletWebServerApplicationContext:290 - [] Root WebApplicationContext: initialization completed in 9336 ms
2022-04-27 09:30:55,018 INFO  SLF4JLogger:71 - [] Cluster created with settings {hosts=[localhost:27017], mode=SINGLE, requiredClusterType=UNKNOWN, serverSelectionTimeout='30000 ms'}
2022-04-27 09:30:55,265 INFO  SLF4JLogger:71 - [] Opened connection [connectionId{localValue:2, serverValue:50}] to localhost:27017
2022-04-27 09:30:55,265 INFO  SLF4JLogger:71 - [] Opened connection [connectionId{localValue:1, serverValue:49}] to localhost:27017
2022-04-27 09:30:55,266 INFO  SLF4JLogger:71 - [] Monitor thread successfully connected to server with description ServerDescription{address=localhost:27017, type=STANDALONE, state=CONNECTED, ok=true, minWireVersion=0, maxWireVersion=13, maxDocumentSize=16777216, logicalSessionTimeoutMinutes=30, roundTripTimeNanos=61170400}
2022-04-27 09:30:55,529 WARN  CustomConversions:261 - [] Registering converter from class java.time.LocalDateTime to class org.joda.time.LocalDateTime as reading converter although it doesn't convert from a store-supported type! You might want to check your annotation setup at the converter implementation.
2022-04-27 09:30:56,305 WARN  CustomConversions:261 - [] Registering converter from class java.time.LocalDateTime to class org.joda.time.LocalDateTime as reading converter although it doesn't convert from a store-supported type! You might want to check your annotation setup at the converter implementation.
2022-04-27 09:31:01,759 INFO  InetUtils:170 - [] Cannot determine local hostname
2022-04-27 09:31:01,842 INFO  DiscoveryClientOptionalArgsConfiguration:68 - [] Eureka HTTP Client uses RestTemplate.
2022-04-27 09:31:03,209 INFO  InetUtils:170 - [] Cannot determine local hostname
2022-04-27 09:31:03,420 WARN  LoadBalancerCacheAutoConfiguration$LoadBalancerCaffeineWarnLogger:82 - [] Spring Cloud LoadBalancer is currently working with the default cache. While this cache implementation is useful for development and tests, it's recommended to use Caffeine cache in production.You can switch to using Caffeine cache, by adding it and org.springframework.cache.caffeine.CaffeineCacheManager to the classpath.
2022-04-27 09:31:03,744 INFO  InstanceInfoFactory:67 - [] Setting initial instance status as: STARTING
2022-04-27 09:31:03,959 INFO  DiscoveryClient:372 - [] Initializing Eureka in region us-east-1
2022-04-27 09:31:03,986 INFO  ConfigClusterResolver:43 - [] Resolving eureka endpoints via configuration
2022-04-27 09:31:04,194 INFO  DiscoveryClient:1007 - [] Disable delta property : false
2022-04-27 09:31:04,195 INFO  DiscoveryClient:1008 - [] Single vip registry refresh property : null
2022-04-27 09:31:04,196 INFO  DiscoveryClient:1009 - [] Force full registry fetch : false
2022-04-27 09:31:04,198 INFO  DiscoveryClient:1010 - [] Application is null : false
2022-04-27 09:31:04,200 INFO  DiscoveryClient:1011 - [] Registered Applications size is zero : true
2022-04-27 09:31:04,201 INFO  DiscoveryClient:1013 - [] Application version is -1: true
2022-04-27 09:31:04,204 INFO  DiscoveryClient:1097 - [] Getting all instance registry info from the eureka server
2022-04-27 09:31:05,691 INFO  DiscoveryClient:1106 - [] The response status is 200
2022-04-27 09:31:05,707 INFO  DiscoveryClient:1321 - [] Starting heartbeat executor: renew interval is: 30
2022-04-27 09:31:05,723 INFO  InstanceInfoReplicator:60 - [] InstanceInfoReplicator onDemand update allowed rate per min is 4
2022-04-27 09:31:05,759 INFO  DiscoveryClient:492 - [] Discovery Client initialized at timestamp 1651032065755 with initial instances count: 0
2022-04-27 09:31:05,764 INFO  EurekaServiceRegistry:41 - [] Registering application WASHER-MICROSERVICE with eureka with status UP
2022-04-27 09:31:05,767 INFO  DiscoveryClient$3:1352 - [] Saw local status change event StatusChangeEvent [timestamp=1651032065767, current=UP, previous=STARTING]
2022-04-27 09:31:05,773 INFO  DiscoveryClient:873 - [] DiscoveryClient_WASHER-MICROSERVICE/localhost:washer-microservice:9004: registering service...
2022-04-27 09:31:05,852 INFO  TomcatWebServer:220 - [] Tomcat started on port(s): 9004 (http) with context path ''
2022-04-27 09:31:05,854 INFO  EurekaAutoServiceRegistration:144 - [] Updating port to 9004
2022-04-27 09:31:06,141 INFO  DiscoveryClient:882 - [] DiscoveryClient_WASHER-MICROSERVICE/localhost:washer-microservice:9004 - registration status: 204
2022-04-27 09:31:07,165 INFO  InetUtils:170 - [] Cannot determine local hostname
2022-04-27 09:31:07,876 INFO  StartupInfoLogger:61 - [] Started CarWashWasherApplication in 30.069 seconds (JVM running for 33.931)
2022-04-27 09:31:35,709 INFO  DiscoveryClient:1007 - [] Disable delta property : false
2022-04-27 09:31:35,711 INFO  DiscoveryClient:1008 - [] Single vip registry refresh property : null
2022-04-27 09:31:35,712 INFO  DiscoveryClient:1009 - [] Force full registry fetch : false
2022-04-27 09:31:35,713 INFO  DiscoveryClient:1010 - [] Application is null : false
2022-04-27 09:31:35,714 INFO  DiscoveryClient:1011 - [] Registered Applications size is zero : true
2022-04-27 09:31:35,714 INFO  DiscoveryClient:1013 - [] Application version is -1: false
2022-04-27 09:31:35,715 INFO  DiscoveryClient:1097 - [] Getting all instance registry info from the eureka server
2022-04-27 09:31:35,746 INFO  DiscoveryClient:1106 - [] The response status is 200
2022-04-27 09:32:29,062 INFO  DirectJDKLog:173 - [] Initializing Spring DispatcherServlet 'dispatcherServlet'
2022-04-27 09:32:29,064 INFO  FrameworkServlet:525 - [] Initializing Servlet 'dispatcherServlet'
2022-04-27 09:32:29,070 INFO  FrameworkServlet:547 - [] Completed initialization in 5 ms
2022-04-27 09:32:29,294 INFO  SLF4JLogger:71 - [] Opened connection [connectionId{localValue:3, serverValue:57}] to localhost:27017
2022-04-27 09:36:04,241 INFO  ConfigClusterResolver:43 - [] Resolving eureka endpoints via configuration
2022-04-27 09:41:04,250 INFO  ConfigClusterResolver:43 - [] Resolving eureka endpoints via configuration
2022-04-27 09:46:04,261 INFO  ConfigClusterResolver:43 - [] Resolving eureka endpoints via configuration
2022-04-27 09:51:04,274 INFO  ConfigClusterResolver:43 - [] Resolving eureka endpoints via configuration
2022-04-27 09:56:04,277 INFO  ConfigClusterResolver:43 - [] Resolving eureka endpoints via configuration
2022-04-27 10:01:04,286 INFO  ConfigClusterResolver:43 - [] Resolving eureka endpoints via configuration
2022-04-27 10:06:04,289 INFO  ConfigClusterResolver:43 - [] Resolving eureka endpoints via configuration
2022-04-27 10:11:04,297 INFO  ConfigClusterResolver:43 - [] Resolving eureka endpoints via configuration
2022-04-27 10:16:04,304 INFO  ConfigClusterResolver:43 - [] Resolving eureka endpoints via configuration
2022-04-27 10:21:04,323 INFO  ConfigClusterResolver:43 - [] Resolving eureka endpoints via configuration
2022-04-27 10:26:04,328 INFO  ConfigClusterResolver:43 - [] Resolving eureka endpoints via configuration
2022-04-27 10:31:04,342 INFO  ConfigClusterResolver:43 - [] Resolving eureka endpoints via configuration
2022-04-27 10:55:38,464 INFO  ConfigClusterResolver:43 - [] Resolving eureka endpoints via configuration
2022-04-27 11:00:38,478 INFO  ConfigClusterResolver:43 - [] Resolving eureka endpoints via configuration
2022-04-27 11:05:38,484 INFO  ConfigClusterResolver:43 - [] Resolving eureka endpoints via configuration
2022-04-27 11:10:38,494 INFO  ConfigClusterResolver:43 - [] Resolving eureka endpoints via configuration
2022-04-27 11:15:38,499 INFO  ConfigClusterResolver:43 - [] Resolving eureka endpoints via configuration
2022-04-27 11:20:38,502 INFO  ConfigClusterResolver:43 - [] Resolving eureka endpoints via configuration
2022-04-27 11:25:38,515 INFO  ConfigClusterResolver:43 - [] Resolving eureka endpoints via configuration
2022-04-27 11:30:38,530 INFO  ConfigClusterResolver:43 - [] Resolving eureka endpoints via configuration
2022-04-27 11:35:38,541 INFO  ConfigClusterResolver:43 - [] Resolving eureka endpoints via configuration
2022-04-27 11:40:38,556 INFO  ConfigClusterResolver:43 - [] Resolving eureka endpoints via configuration
2022-04-27 11:45:38,564 INFO  ConfigClusterResolver:43 - [] Resolving eureka endpoints via configuration
2022-04-27 11:50:38,571 INFO  ConfigClusterResolver:43 - [] Resolving eureka endpoints via configuration
2022-04-27 11:55:38,585 INFO  ConfigClusterResolver:43 - [] Resolving eureka endpoints via configuration
2022-04-27 12:00:38,591 INFO  ConfigClusterResolver:43 - [] Resolving eureka endpoints via configuration
2022-04-27 12:05:38,605 INFO  ConfigClusterResolver:43 - [] Resolving eureka endpoints via configuration
2022-04-27 12:10:38,615 INFO  ConfigClusterResolver:43 - [] Resolving eureka endpoints via configuration
2022-04-27 12:15:38,617 INFO  ConfigClusterResolver:43 - [] Resolving eureka endpoints via configuration
2022-04-27 12:20:38,619 INFO  ConfigClusterResolver:43 - [] Resolving eureka endpoints via configuration
2022-04-27 12:25:38,620 INFO  ConfigClusterResolver:43 - [] Resolving eureka endpoints via configuration
2022-04-27 12:30:38,624 INFO  ConfigClusterResolver:43 - [] Resolving eureka endpoints via configuration
2022-04-27 12:35:38,628 INFO  ConfigClusterResolver:43 - [] Resolving eureka endpoints via configuration
2022-04-27 12:40:38,640 INFO  ConfigClusterResolver:43 - [] Resolving eureka endpoints via configuration
2022-04-27 12:45:38,642 INFO  ConfigClusterResolver:43 - [] Resolving eureka endpoints via configuration
2022-04-27 12:50:38,646 INFO  ConfigClusterResolver:43 - [] Resolving eureka endpoints via configuration
2022-04-27 12:55:19,348 INFO  SpringApplicationAdminMXBeanRegistrar$SpringApplicationAdmin:159 - [] Application shutdown requested.
2022-04-27 12:55:19,405 INFO  EurekaServiceRegistry:62 - [] Unregistering application WASHER-MICROSERVICE with eureka with status DOWN
2022-04-27 12:55:19,407 INFO  DiscoveryClient$3:1352 - [] Saw local status change event StatusChangeEvent [timestamp=1651044319407, current=DOWN, previous=UP]
2022-04-27 12:55:19,410 INFO  DiscoveryClient:873 - [] DiscoveryClient_WASHER-MICROSERVICE/localhost:washer-microservice:9004: registering service...
2022-04-27 12:55:19,476 INFO  RedirectingEurekaHttpClient:93 - [] Request execution error. endpoint=DefaultEndpoint{ serviceUrl='http://localhost:8761/eureka/} exception=I/O error on POST request for "http://localhost:8761/eureka/apps/WASHER-MICROSERVICE": Connect to localhost:8761 [localhost/127.0.0.1, localhost/0:0:0:0:0:0:0:1] failed: Connection refused: connect; nested exception is org.apache.http.conn.HttpHostConnectException: Connect to localhost:8761 [localhost/127.0.0.1, localhost/0:0:0:0:0:0:0:1] failed: Connection refused: connect stacktrace=org.springframework.web.client.ResourceAccessException: I/O error on POST request for "http://localhost:8761/eureka/apps/WASHER-MICROSERVICE": Connect to localhost:8761 [localhost/127.0.0.1, localhost/0:0:0:0:0:0:0:1] failed: Connection refused: connect; nested exception is org.apache.http.conn.HttpHostConnectException: Connect to localhost:8761 [localhost/127.0.0.1, localhost/0:0:0:0:0:0:0:1] failed: Connection refused: connect
	at org.springframework.web.client.RestTemplate.doExecute(RestTemplate.java:785)
	at org.springframework.web.client.RestTemplate.execute(RestTemplate.java:711)
	at org.springframework.web.client.RestTemplate.exchange(RestTemplate.java:602)
	at org.springframework.cloud.netflix.eureka.http.RestTemplateEurekaHttpClient.register(RestTemplateEurekaHttpClient.java:77)
	at com.netflix.discovery.shared.transport.decorator.EurekaHttpClientDecorator$1.execute(EurekaHttpClientDecorator.java:59)
	at com.netflix.discovery.shared.transport.decorator.RedirectingEurekaHttpClient.execute(RedirectingEurekaHttpClient.java:91)
	at com.netflix.discovery.shared.transport.decorator.EurekaHttpClientDecorator.register(EurekaHttpClientDecorator.java:56)
	at com.netflix.discovery.shared.transport.decorator.EurekaHttpClientDecorator$1.execute(EurekaHttpClientDecorator.java:59)
	at com.netflix.discovery.shared.transport.decorator.RetryableEurekaHttpClient.execute(RetryableEurekaHttpClient.java:120)
	at com.netflix.discovery.shared.transport.decorator.EurekaHttpClientDecorator.register(EurekaHttpClientDecorator.java:56)
	at com.netflix.discovery.shared.transport.decorator.EurekaHttpClientDecorator$1.execute(EurekaHttpClientDecorator.java:59)
	at com.netflix.discovery.shared.transport.decorator.SessionedEurekaHttpClient.execute(SessionedEurekaHttpClient.java:77)
	at com.netflix.discovery.shared.transport.decorator.EurekaHttpClientDecorator.register(EurekaHttpClientDecorator.java:56)
	at com.netflix.discovery.DiscoveryClient.register(DiscoveryClient.java:876)
	at com.netflix.discovery.InstanceInfoReplicator.run(InstanceInfoReplicator.java:121)
	at com.netflix.discovery.InstanceInfoReplicator$1.run(InstanceInfoReplicator.java:101)
	at java.base/java.util.concurrent.Executors$RunnableAdapter.call(Executors.java:539)
	at java.base/java.util.concurrent.FutureTask.run(FutureTask.java:264)
	at java.base/java.util.concurrent.ScheduledThreadPoolExecutor$ScheduledFutureTask.run(ScheduledThreadPoolExecutor.java:304)
	at java.base/java.util.concurrent.ThreadPoolExecutor.runWorker(ThreadPoolExecutor.java:1136)
	at java.base/java.util.concurrent.ThreadPoolExecutor$Worker.run(ThreadPoolExecutor.java:635)
	at java.base/java.lang.Thread.run(Thread.java:833)
Caused by: org.apache.http.conn.HttpHostConnectException: Connect to localhost:8761 [localhost/127.0.0.1, localhost/0:0:0:0:0:0:0:1] failed: Connection refused: connect
	at org.apache.http.impl.conn.DefaultHttpClientConnectionOperator.connect(DefaultHttpClientConnectionOperator.java:156)
	at org.apache.http.impl.conn.PoolingHttpClientConnectionManager.connect(PoolingHttpClientConnectionManager.java:376)
	at org.apache.http.impl.execchain.MainClientExec.establishRoute(MainClientExec.java:393)
	at org.apache.http.impl.execchain.MainClientExec.execute(MainClientExec.java:236)
	at org.apache.http.impl.execchain.ProtocolExec.execute(ProtocolExec.java:186)
	at org.apache.http.impl.execchain.RetryExec.execute(RetryExec.java:89)
	at org.apache.http.impl.execchain.RedirectExec.execute(RedirectExec.java:110)
	at org.apache.http.impl.client.InternalHttpClient.doExecute(InternalHttpClient.java:185)
	at org.apache.http.impl.client.CloseableHttpClient.execute(CloseableHttpClient.java:83)
	at org.apache.http.impl.client.CloseableHttpClient.execute(CloseableHttpClient.java:56)
	at org.springframework.http.client.HttpComponentsClientHttpRequest.executeInternal(HttpComponentsClientHttpRequest.java:87)
	at org.springframework.http.client.AbstractBufferingClientHttpRequest.executeInternal(AbstractBufferingClientHttpRequest.java:48)
	at org.springframework.http.client.AbstractClientHttpRequest.execute(AbstractClientHttpRequest.java:66)
	at org.springframework.web.client.RestTemplate.doExecute(RestTemplate.java:776)
	... 21 more
Caused by: java.net.ConnectException: Connection refused: connect
	at java.base/sun.nio.ch.Net.connect0(Native Method)
	at java.base/sun.nio.ch.Net.connect(Net.java:579)
	at java.base/sun.nio.ch.Net.connect(Net.java:568)
	at java.base/sun.nio.ch.NioSocketImpl.connect(NioSocketImpl.java:588)
	at java.base/java.net.SocksSocketImpl.connect(SocksSocketImpl.java:327)
	at java.base/java.net.Socket.connect(Socket.java:633)
	at org.apache.http.conn.socket.PlainConnectionSocketFactory.connectSocket(PlainConnectionSocketFactory.java:75)
	at org.apache.http.impl.conn.DefaultHttpClientConnectionOperator.connect(DefaultHttpClientConnectionOperator.java:142)
	... 34 more

2022-04-27 12:55:19,477 WARN  RetryableEurekaHttpClient:130 - [] Request execution failed with message: I/O error on POST request for "http://localhost:8761/eureka/apps/WASHER-MICROSERVICE": Connect to localhost:8761 [localhost/127.0.0.1, localhost/0:0:0:0:0:0:0:1] failed: Connection refused: connect; nested exception is org.apache.http.conn.HttpHostConnectException: Connect to localhost:8761 [localhost/127.0.0.1, localhost/0:0:0:0:0:0:0:1] failed: Connection refused: connect
2022-04-27 12:55:19,489 INFO  RedirectingEurekaHttpClient:84 - [] Request execution error. endpoint=DefaultEndpoint{ serviceUrl='http://localhost:8761/eureka/}, exception=I/O error on POST request for "http://localhost:8761/eureka/apps/WASHER-MICROSERVICE": Connect to localhost:8761 [localhost/127.0.0.1, localhost/0:0:0:0:0:0:0:1] failed: Connection refused: connect; nested exception is org.apache.http.conn.HttpHostConnectException: Connect to localhost:8761 [localhost/127.0.0.1, localhost/0:0:0:0:0:0:0:1] failed: Connection refused: connect stacktrace=org.springframework.web.client.ResourceAccessException: I/O error on POST request for "http://localhost:8761/eureka/apps/WASHER-MICROSERVICE": Connect to localhost:8761 [localhost/127.0.0.1, localhost/0:0:0:0:0:0:0:1] failed: Connection refused: connect; nested exception is org.apache.http.conn.HttpHostConnectException: Connect to localhost:8761 [localhost/127.0.0.1, localhost/0:0:0:0:0:0:0:1] failed: Connection refused: connect
	at org.springframework.web.client.RestTemplate.doExecute(RestTemplate.java:785)
	at org.springframework.web.client.RestTemplate.execute(RestTemplate.java:711)
	at org.springframework.web.client.RestTemplate.exchange(RestTemplate.java:602)
	at org.springframework.cloud.netflix.eureka.http.RestTemplateEurekaHttpClient.register(RestTemplateEurekaHttpClient.java:77)
	at com.netflix.discovery.shared.transport.decorator.EurekaHttpClientDecorator$1.execute(EurekaHttpClientDecorator.java:59)
	at com.netflix.discovery.shared.transport.decorator.RedirectingEurekaHttpClient.executeOnNewServer(RedirectingEurekaHttpClient.java:121)
	at com.netflix.discovery.shared.transport.decorator.RedirectingEurekaHttpClient.execute(RedirectingEurekaHttpClient.java:80)
	at com.netflix.discovery.shared.transport.decorator.EurekaHttpClientDecorator.register(EurekaHttpClientDecorator.java:56)
	at com.netflix.discovery.shared.transport.decorator.EurekaHttpClientDecorator$1.execute(EurekaHttpClientDecorator.java:59)
	at com.netflix.discovery.shared.transport.decorator.RetryableEurekaHttpClient.execute(RetryableEurekaHttpClient.java:120)
	at com.netflix.discovery.shared.transport.decorator.EurekaHttpClientDecorator.register(EurekaHttpClientDecorator.java:56)
	at com.netflix.discovery.shared.transport.decorator.EurekaHttpClientDecorator$1.execute(EurekaHttpClientDecorator.java:59)
	at com.netflix.discovery.shared.transport.decorator.SessionedEurekaHttpClient.execute(SessionedEurekaHttpClient.java:77)
	at com.netflix.discovery.shared.transport.decorator.EurekaHttpClientDecorator.register(EurekaHttpClientDecorator.java:56)
	at com.netflix.discovery.DiscoveryClient.register(DiscoveryClient.java:876)
	at com.netflix.discovery.InstanceInfoReplicator.run(InstanceInfoReplicator.java:121)
	at com.netflix.discovery.InstanceInfoReplicator$1.run(InstanceInfoReplicator.java:101)
	at java.base/java.util.concurrent.Executors$RunnableAdapter.call(Executors.java:539)
	at java.base/java.util.concurrent.FutureTask.run(FutureTask.java:264)
	at java.base/java.util.concurrent.ScheduledThreadPoolExecutor$ScheduledFutureTask.run(ScheduledThreadPoolExecutor.java:304)
	at java.base/java.util.concurrent.ThreadPoolExecutor.runWorker(ThreadPoolExecutor.java:1136)
	at java.base/java.util.concurrent.ThreadPoolExecutor$Worker.run(ThreadPoolExecutor.java:635)
	at java.base/java.lang.Thread.run(Thread.java:833)
Caused by: org.apache.http.conn.HttpHostConnectException: Connect to localhost:8761 [localhost/127.0.0.1, localhost/0:0:0:0:0:0:0:1] failed: Connection refused: connect
	at org.apache.http.impl.conn.DefaultHttpClientConnectionOperator.connect(DefaultHttpClientConnectionOperator.java:156)
	at org.apache.http.impl.conn.PoolingHttpClientConnectionManager.connect(PoolingHttpClientConnectionManager.java:376)
	at org.apache.http.impl.execchain.MainClientExec.establishRoute(MainClientExec.java:393)
	at org.apache.http.impl.execchain.MainClientExec.execute(MainClientExec.java:236)
	at org.apache.http.impl.execchain.ProtocolExec.execute(ProtocolExec.java:186)
	at org.apache.http.impl.execchain.RetryExec.execute(RetryExec.java:89)
	at org.apache.http.impl.execchain.RedirectExec.execute(RedirectExec.java:110)
	at org.apache.http.impl.client.InternalHttpClient.doExecute(InternalHttpClient.java:185)
	at org.apache.http.impl.client.CloseableHttpClient.execute(CloseableHttpClient.java:83)
	at org.apache.http.impl.client.CloseableHttpClient.execute(CloseableHttpClient.java:56)
	at org.springframework.http.client.HttpComponentsClientHttpRequest.executeInternal(HttpComponentsClientHttpRequest.java:87)
	at org.springframework.http.client.AbstractBufferingClientHttpRequest.executeInternal(AbstractBufferingClientHttpRequest.java:48)
	at org.springframework.http.client.AbstractClientHttpRequest.execute(AbstractClientHttpRequest.java:66)
	at org.springframework.web.client.RestTemplate.doExecute(RestTemplate.java:776)
	... 22 more
Caused by: java.net.ConnectException: Connection refused: connect
	at java.base/sun.nio.ch.Net.connect0(Native Method)
	at java.base/sun.nio.ch.Net.connect(Net.java:579)
	at java.base/sun.nio.ch.Net.connect(Net.java:568)
	at java.base/sun.nio.ch.NioSocketImpl.connect(NioSocketImpl.java:588)
	at java.base/java.net.SocksSocketImpl.connect(SocksSocketImpl.java:327)
	at java.base/java.net.Socket.connect(Socket.java:633)
	at org.apache.http.conn.socket.PlainConnectionSocketFactory.connectSocket(PlainConnectionSocketFactory.java:75)
	at org.apache.http.impl.conn.DefaultHttpClientConnectionOperator.connect(DefaultHttpClientConnectionOperator.java:142)
	... 35 more

2022-04-27 12:55:19,490 WARN  RetryableEurekaHttpClient:130 - [] Request execution failed with message: I/O error on POST request for "http://localhost:8761/eureka/apps/WASHER-MICROSERVICE": Connect to localhost:8761 [localhost/127.0.0.1, localhost/0:0:0:0:0:0:0:1] failed: Connection refused: connect; nested exception is org.apache.http.conn.HttpHostConnectException: Connect to localhost:8761 [localhost/127.0.0.1, localhost/0:0:0:0:0:0:0:1] failed: Connection refused: connect
2022-04-27 12:55:19,509 WARN  DiscoveryClient:878 - [] DiscoveryClient_WASHER-MICROSERVICE/localhost:washer-microservice:9004 - registration failed Cannot execute request on any known server
com.netflix.discovery.shared.transport.TransportException: Cannot execute request on any known server
	at com.netflix.discovery.shared.transport.decorator.RetryableEurekaHttpClient.execute(RetryableEurekaHttpClient.java:112)
	at com.netflix.discovery.shared.transport.decorator.EurekaHttpClientDecorator.register(EurekaHttpClientDecorator.java:56)
	at com.netflix.discovery.shared.transport.decorator.EurekaHttpClientDecorator$1.execute(EurekaHttpClientDecorator.java:59)
	at com.netflix.discovery.shared.transport.decorator.SessionedEurekaHttpClient.execute(SessionedEurekaHttpClient.java:77)
	at com.netflix.discovery.shared.transport.decorator.EurekaHttpClientDecorator.register(EurekaHttpClientDecorator.java:56)
	at com.netflix.discovery.DiscoveryClient.register(DiscoveryClient.java:876)
	at com.netflix.discovery.InstanceInfoReplicator.run(InstanceInfoReplicator.java:121)
	at com.netflix.discovery.InstanceInfoReplicator$1.run(InstanceInfoReplicator.java:101)
	at java.base/java.util.concurrent.Executors$RunnableAdapter.call(Executors.java:539)
	at java.base/java.util.concurrent.FutureTask.run(FutureTask.java:264)
	at java.base/java.util.concurrent.ScheduledThreadPoolExecutor$ScheduledFutureTask.run(ScheduledThreadPoolExecutor.java:304)
	at java.base/java.util.concurrent.ThreadPoolExecutor.runWorker(ThreadPoolExecutor.java:1136)
	at java.base/java.util.concurrent.ThreadPoolExecutor$Worker.run(ThreadPoolExecutor.java:635)
	at java.base/java.lang.Thread.run(Thread.java:833)
2022-04-27 12:55:19,510 WARN  InstanceInfoReplicator:125 - [] There was a problem with the instance info replicator
com.netflix.discovery.shared.transport.TransportException: Cannot execute request on any known server
	at com.netflix.discovery.shared.transport.decorator.RetryableEurekaHttpClient.execute(RetryableEurekaHttpClient.java:112)
	at com.netflix.discovery.shared.transport.decorator.EurekaHttpClientDecorator.register(EurekaHttpClientDecorator.java:56)
	at com.netflix.discovery.shared.transport.decorator.EurekaHttpClientDecorator$1.execute(EurekaHttpClientDecorator.java:59)
	at com.netflix.discovery.shared.transport.decorator.SessionedEurekaHttpClient.execute(SessionedEurekaHttpClient.java:77)
	at com.netflix.discovery.shared.transport.decorator.EurekaHttpClientDecorator.register(EurekaHttpClientDecorator.java:56)
	at com.netflix.discovery.DiscoveryClient.register(DiscoveryClient.java:876)
	at com.netflix.discovery.InstanceInfoReplicator.run(InstanceInfoReplicator.java:121)
	at com.netflix.discovery.InstanceInfoReplicator$1.run(InstanceInfoReplicator.java:101)
	at java.base/java.util.concurrent.Executors$RunnableAdapter.call(Executors.java:539)
	at java.base/java.util.concurrent.FutureTask.run(FutureTask.java:264)
	at java.base/java.util.concurrent.ScheduledThreadPoolExecutor$ScheduledFutureTask.run(ScheduledThreadPoolExecutor.java:304)
	at java.base/java.util.concurrent.ThreadPoolExecutor.runWorker(ThreadPoolExecutor.java:1136)
	at java.base/java.util.concurrent.ThreadPoolExecutor$Worker.run(ThreadPoolExecutor.java:635)
	at java.base/java.lang.Thread.run(Thread.java:833)
2022-04-27 12:55:19,586 INFO  DiscoveryClient:935 - [] Shutting down DiscoveryClient ...
2022-04-27 12:55:22,600 INFO  DiscoveryClient:971 - [] Unregistering ...
2022-04-27 12:55:22,611 INFO  RedirectingEurekaHttpClient:84 - [] Request execution error. endpoint=DefaultEndpoint{ serviceUrl='http://localhost:8761/eureka/}, exception=I/O error on DELETE request for "http://localhost:8761/eureka/apps/WASHER-MICROSERVICE/localhost:washer-microservice:9004": Connect to localhost:8761 [localhost/127.0.0.1, localhost/0:0:0:0:0:0:0:1] failed: Connection refused: connect; nested exception is org.apache.http.conn.HttpHostConnectException: Connect to localhost:8761 [localhost/127.0.0.1, localhost/0:0:0:0:0:0:0:1] failed: Connection refused: connect stacktrace=org.springframework.web.client.ResourceAccessException: I/O error on DELETE request for "http://localhost:8761/eureka/apps/WASHER-MICROSERVICE/localhost:washer-microservice:9004": Connect to localhost:8761 [localhost/127.0.0.1, localhost/0:0:0:0:0:0:0:1] failed: Connection refused: connect; nested exception is org.apache.http.conn.HttpHostConnectException: Connect to localhost:8761 [localhost/127.0.0.1, localhost/0:0:0:0:0:0:0:1] failed: Connection refused: connect
	at org.springframework.web.client.RestTemplate.doExecute(RestTemplate.java:785)
	at org.springframework.web.client.RestTemplate.execute(RestTemplate.java:711)
	at org.springframework.web.client.RestTemplate.exchange(RestTemplate.java:602)
	at org.springframework.cloud.netflix.eureka.http.RestTemplateEurekaHttpClient.cancel(RestTemplateEurekaHttpClient.java:87)
	at com.netflix.discovery.shared.transport.decorator.EurekaHttpClientDecorator$2.execute(EurekaHttpClientDecorator.java:74)
	at com.netflix.discovery.shared.transport.decorator.RedirectingEurekaHttpClient.executeOnNewServer(RedirectingEurekaHttpClient.java:121)
	at com.netflix.discovery.shared.transport.decorator.RedirectingEurekaHttpClient.execute(RedirectingEurekaHttpClient.java:80)
	at com.netflix.discovery.shared.transport.decorator.EurekaHttpClientDecorator.cancel(EurekaHttpClientDecorator.java:71)
	at com.netflix.discovery.shared.transport.decorator.EurekaHttpClientDecorator$2.execute(EurekaHttpClientDecorator.java:74)
	at com.netflix.discovery.shared.transport.decorator.RetryableEurekaHttpClient.execute(RetryableEurekaHttpClient.java:120)
	at com.netflix.discovery.shared.transport.decorator.EurekaHttpClientDecorator.cancel(EurekaHttpClientDecorator.java:71)
	at com.netflix.discovery.shared.transport.decorator.EurekaHttpClientDecorator$2.execute(EurekaHttpClientDecorator.java:74)
	at com.netflix.discovery.shared.transport.decorator.SessionedEurekaHttpClient.execute(SessionedEurekaHttpClient.java:77)
	at com.netflix.discovery.shared.transport.decorator.EurekaHttpClientDecorator.cancel(EurekaHttpClientDecorator.java:71)
	at com.netflix.discovery.DiscoveryClient.unregister(DiscoveryClient.java:972)
	at com.netflix.discovery.DiscoveryClient.shutdown(DiscoveryClient.java:948)
	at java.base/jdk.internal.reflect.NativeMethodAccessorImpl.invoke0(Native Method)
	at java.base/jdk.internal.reflect.NativeMethodAccessorImpl.invoke(NativeMethodAccessorImpl.java:77)
	at java.base/jdk.internal.reflect.DelegatingMethodAccessorImpl.invoke(DelegatingMethodAccessorImpl.java:43)
	at java.base/java.lang.reflect.Method.invoke(Method.java:568)
	at org.springframework.beans.factory.annotation.InitDestroyAnnotationBeanPostProcessor$LifecycleElement.invoke(InitDestroyAnnotationBeanPostProcessor.java:389)
	at org.springframework.beans.factory.annotation.InitDestroyAnnotationBeanPostProcessor$LifecycleMetadata.invokeDestroyMethods(InitDestroyAnnotationBeanPostProcessor.java:347)
	at org.springframework.beans.factory.annotation.InitDestroyAnnotationBeanPostProcessor.postProcessBeforeDestruction(InitDestroyAnnotationBeanPostProcessor.java:177)
	at org.springframework.beans.factory.support.DisposableBeanAdapter.destroy(DisposableBeanAdapter.java:197)
	at org.springframework.beans.factory.support.DisposableBeanAdapter.run(DisposableBeanAdapter.java:190)
	at org.springframework.cloud.context.scope.GenericScope$BeanLifecycleWrapper.destroy(GenericScope.java:390)
	at org.springframework.cloud.context.scope.GenericScope.destroy(GenericScope.java:136)
	at org.springframework.beans.factory.support.DisposableBeanAdapter.destroy(DisposableBeanAdapter.java:213)
	at org.springframework.beans.factory.support.DefaultSingletonBeanRegistry.destroyBean(DefaultSingletonBeanRegistry.java:587)
	at org.springframework.beans.factory.support.DefaultSingletonBeanRegistry.destroySingleton(DefaultSingletonBeanRegistry.java:559)
	at org.springframework.beans.factory.support.DefaultListableBeanFactory.destroySingleton(DefaultListableBeanFactory.java:1161)
	at org.springframework.beans.factory.support.DefaultSingletonBeanRegistry.destroySingletons(DefaultSingletonBeanRegistry.java:520)
	at org.springframework.beans.factory.support.DefaultListableBeanFactory.destroySingletons(DefaultListableBeanFactory.java:1154)
	at org.springframework.context.support.AbstractApplicationContext.destroyBeans(AbstractApplicationContext.java:1106)
	at org.springframework.context.support.AbstractApplicationContext.doClose(AbstractApplicationContext.java:1075)
	at org.springframework.boot.web.servlet.context.ServletWebServerApplicationContext.doClose(ServletWebServerApplicationContext.java:172)
	at org.springframework.context.support.AbstractApplicationContext.close(AbstractApplicationContext.java:1021)
	at org.springframework.boot.admin.SpringApplicationAdminMXBeanRegistrar$SpringApplicationAdmin.shutdown(SpringApplicationAdminMXBeanRegistrar.java:160)
	at java.base/jdk.internal.reflect.NativeMethodAccessorImpl.invoke0(Native Method)
	at java.base/jdk.internal.reflect.NativeMethodAccessorImpl.invoke(NativeMethodAccessorImpl.java:77)
	at java.base/jdk.internal.reflect.DelegatingMethodAccessorImpl.invoke(DelegatingMethodAccessorImpl.java:43)
	at java.base/java.lang.reflect.Method.invoke(Method.java:568)
	at sun.reflect.misc.Trampoline.invoke(MethodUtil.java:72)
	at jdk.internal.reflect.GeneratedMethodAccessor58.invoke(Unknown Source)
	at java.base/jdk.internal.reflect.DelegatingMethodAccessorImpl.invoke(DelegatingMethodAccessorImpl.java:43)
	at java.base/java.lang.reflect.Method.invoke(Method.java:568)
	at java.base/sun.reflect.misc.MethodUtil.invoke(MethodUtil.java:262)
	at java.management/com.sun.jmx.mbeanserver.ConvertingMethod.invokeWithOpenReturn(ConvertingMethod.java:193)
	at java.management/com.sun.jmx.mbeanserver.ConvertingMethod.invokeWithOpenReturn(ConvertingMethod.java:175)
	at java.management/com.sun.jmx.mbeanserver.MXBeanIntrospector.invokeM2(MXBeanIntrospector.java:117)
	at java.management/com.sun.jmx.mbeanserver.MXBeanIntrospector.invokeM2(MXBeanIntrospector.java:54)
	at java.management/com.sun.jmx.mbeanserver.MBeanIntrospector.invokeM(MBeanIntrospector.java:237)
	at java.management/com.sun.jmx.mbeanserver.PerInterface.invoke(PerInterface.java:138)
	at java.management/com.sun.jmx.mbeanserver.MBeanSupport.invoke(MBeanSupport.java:252)
	at java.management/com.sun.jmx.interceptor.DefaultMBeanServerInterceptor.invoke(DefaultMBeanServerInterceptor.java:814)
	at java.management/com.sun.jmx.mbeanserver.JmxMBeanServer.invoke(JmxMBeanServer.java:802)
	at java.management.rmi/javax.management.remote.rmi.RMIConnectionImpl.doOperation(RMIConnectionImpl.java:1472)
	at java.management.rmi/javax.management.remote.rmi.RMIConnectionImpl$PrivilegedOperation.run(RMIConnectionImpl.java:1310)
	at java.management.rmi/javax.management.remote.rmi.RMIConnectionImpl.doPrivilegedOperation(RMIConnectionImpl.java:1405)
	at java.management.rmi/javax.management.remote.rmi.RMIConnectionImpl.invoke(RMIConnectionImpl.java:829)
	at java.base/jdk.internal.reflect.NativeMethodAccessorImpl.invoke0(Native Method)
	at java.base/jdk.internal.reflect.NativeMethodAccessorImpl.invoke(NativeMethodAccessorImpl.java:77)
	at java.base/jdk.internal.reflect.DelegatingMethodAccessorImpl.invoke(DelegatingMethodAccessorImpl.java:43)
	at java.base/java.lang.reflect.Method.invoke(Method.java:568)
	at java.rmi/sun.rmi.server.UnicastServerRef.dispatch(UnicastServerRef.java:360)
	at java.rmi/sun.rmi.transport.Transport$1.run(Transport.java:200)
	at java.rmi/sun.rmi.transport.Transport$1.run(Transport.java:197)
	at java.base/java.security.AccessController.doPrivileged(AccessController.java:712)
	at java.rmi/sun.rmi.transport.Transport.serviceCall(Transport.java:196)
	at java.rmi/sun.rmi.transport.tcp.TCPTransport.handleMessages(TCPTransport.java:587)
	at java.rmi/sun.rmi.transport.tcp.TCPTransport$ConnectionHandler.run0(TCPTransport.java:828)
	at java.rmi/sun.rmi.transport.tcp.TCPTransport$ConnectionHandler.lambda$run$0(TCPTransport.java:705)
	at java.base/java.security.AccessController.doPrivileged(AccessController.java:399)
	at java.rmi/sun.rmi.transport.tcp.TCPTransport$ConnectionHandler.run(TCPTransport.java:704)
	at java.base/java.util.concurrent.ThreadPoolExecutor.runWorker(ThreadPoolExecutor.java:1136)
	at java.base/java.util.concurrent.ThreadPoolExecutor$Worker.run(ThreadPoolExecutor.java:635)
	at java.base/java.lang.Thread.run(Thread.java:833)
Caused by: org.apache.http.conn.HttpHostConnectException: Connect to localhost:8761 [localhost/127.0.0.1, localhost/0:0:0:0:0:0:0:1] failed: Connection refused: connect
	at org.apache.http.impl.conn.DefaultHttpClientConnectionOperator.connect(DefaultHttpClientConnectionOperator.java:156)
	at org.apache.http.impl.conn.PoolingHttpClientConnectionManager.connect(PoolingHttpClientConnectionManager.java:376)
	at org.apache.http.impl.execchain.MainClientExec.establishRoute(MainClientExec.java:393)
	at org.apache.http.impl.execchain.MainClientExec.execute(MainClientExec.java:236)
	at org.apache.http.impl.execchain.ProtocolExec.execute(ProtocolExec.java:186)
	at org.apache.http.impl.execchain.RetryExec.execute(RetryExec.java:89)
	at org.apache.http.impl.execchain.RedirectExec.execute(RedirectExec.java:110)
	at org.apache.http.impl.client.InternalHttpClient.doExecute(InternalHttpClient.java:185)
	at org.apache.http.impl.client.CloseableHttpClient.execute(CloseableHttpClient.java:83)
	at org.apache.http.impl.client.CloseableHttpClient.execute(CloseableHttpClient.java:56)
	at org.springframework.http.client.HttpComponentsClientHttpRequest.executeInternal(HttpComponentsClientHttpRequest.java:87)
	at org.springframework.http.client.AbstractBufferingClientHttpRequest.executeInternal(AbstractBufferingClientHttpRequest.java:48)
	at org.springframework.http.client.AbstractClientHttpRequest.execute(AbstractClientHttpRequest.java:66)
	at org.springframework.web.client.RestTemplate.doExecute(RestTemplate.java:776)
	... 76 more
Caused by: java.net.ConnectException: Connection refused: connect
	at java.base/sun.nio.ch.Net.connect0(Native Method)
	at java.base/sun.nio.ch.Net.connect(Net.java:579)
	at java.base/sun.nio.ch.Net.connect(Net.java:568)
	at java.base/sun.nio.ch.NioSocketImpl.connect(NioSocketImpl.java:588)
	at java.base/java.net.SocksSocketImpl.connect(SocksSocketImpl.java:327)
	at java.base/java.net.Socket.connect(Socket.java:633)
	at org.apache.http.conn.socket.PlainConnectionSocketFactory.connectSocket(PlainConnectionSocketFactory.java:75)
	at org.apache.http.impl.conn.DefaultHttpClientConnectionOperator.connect(DefaultHttpClientConnectionOperator.java:142)
	... 89 more

2022-04-27 12:55:22,612 WARN  RetryableEurekaHttpClient:130 - [] Request execution failed with message: I/O error on DELETE request for "http://localhost:8761/eureka/apps/WASHER-MICROSERVICE/localhost:washer-microservice:9004": Connect to localhost:8761 [localhost/127.0.0.1, localhost/0:0:0:0:0:0:0:1] failed: Connection refused: connect; nested exception is org.apache.http.conn.HttpHostConnectException: Connect to localhost:8761 [localhost/127.0.0.1, localhost/0:0:0:0:0:0:0:1] failed: Connection refused: connect
2022-04-27 12:55:22,614 ERROR DiscoveryClient:975 - [] DiscoveryClient_WASHER-MICROSERVICE/localhost:washer-microservice:9004 - de-registration failedCannot execute request on any known server
com.netflix.discovery.shared.transport.TransportException: Cannot execute request on any known server
	at com.netflix.discovery.shared.transport.decorator.RetryableEurekaHttpClient.execute(RetryableEurekaHttpClient.java:112)
	at com.netflix.discovery.shared.transport.decorator.EurekaHttpClientDecorator.cancel(EurekaHttpClientDecorator.java:71)
	at com.netflix.discovery.shared.transport.decorator.EurekaHttpClientDecorator$2.execute(EurekaHttpClientDecorator.java:74)
	at com.netflix.discovery.shared.transport.decorator.SessionedEurekaHttpClient.execute(SessionedEurekaHttpClient.java:77)
	at com.netflix.discovery.shared.transport.decorator.EurekaHttpClientDecorator.cancel(EurekaHttpClientDecorator.java:71)
	at com.netflix.discovery.DiscoveryClient.unregister(DiscoveryClient.java:972)
	at com.netflix.discovery.DiscoveryClient.shutdown(DiscoveryClient.java:948)
	at java.base/jdk.internal.reflect.NativeMethodAccessorImpl.invoke0(Native Method)
	at java.base/jdk.internal.reflect.NativeMethodAccessorImpl.invoke(NativeMethodAccessorImpl.java:77)
	at java.base/jdk.internal.reflect.DelegatingMethodAccessorImpl.invoke(DelegatingMethodAccessorImpl.java:43)
	at java.base/java.lang.reflect.Method.invoke(Method.java:568)
	at org.springframework.beans.factory.annotation.InitDestroyAnnotationBeanPostProcessor$LifecycleElement.invoke(InitDestroyAnnotationBeanPostProcessor.java:389)
	at org.springframework.beans.factory.annotation.InitDestroyAnnotationBeanPostProcessor$LifecycleMetadata.invokeDestroyMethods(InitDestroyAnnotationBeanPostProcessor.java:347)
	at org.springframework.beans.factory.annotation.InitDestroyAnnotationBeanPostProcessor.postProcessBeforeDestruction(InitDestroyAnnotationBeanPostProcessor.java:177)
	at org.springframework.beans.factory.support.DisposableBeanAdapter.destroy(DisposableBeanAdapter.java:197)
	at org.springframework.beans.factory.support.DisposableBeanAdapter.run(DisposableBeanAdapter.java:190)
	at org.springframework.cloud.context.scope.GenericScope$BeanLifecycleWrapper.destroy(GenericScope.java:390)
	at org.springframework.cloud.context.scope.GenericScope.destroy(GenericScope.java:136)
	at org.springframework.beans.factory.support.DisposableBeanAdapter.destroy(DisposableBeanAdapter.java:213)
	at org.springframework.beans.factory.support.DefaultSingletonBeanRegistry.destroyBean(DefaultSingletonBeanRegistry.java:587)
	at org.springframework.beans.factory.support.DefaultSingletonBeanRegistry.destroySingleton(DefaultSingletonBeanRegistry.java:559)
	at org.springframework.beans.factory.support.DefaultListableBeanFactory.destroySingleton(DefaultListableBeanFactory.java:1161)
	at org.springframework.beans.factory.support.DefaultSingletonBeanRegistry.destroySingletons(DefaultSingletonBeanRegistry.java:520)
	at org.springframework.beans.factory.support.DefaultListableBeanFactory.destroySingletons(DefaultListableBeanFactory.java:1154)
	at org.springframework.context.support.AbstractApplicationContext.destroyBeans(AbstractApplicationContext.java:1106)
	at org.springframework.context.support.AbstractApplicationContext.doClose(AbstractApplicationContext.java:1075)
	at org.springframework.boot.web.servlet.context.ServletWebServerApplicationContext.doClose(ServletWebServerApplicationContext.java:172)
	at org.springframework.context.support.AbstractApplicationContext.close(AbstractApplicationContext.java:1021)
	at org.springframework.boot.admin.SpringApplicationAdminMXBeanRegistrar$SpringApplicationAdmin.shutdown(SpringApplicationAdminMXBeanRegistrar.java:160)
	at java.base/jdk.internal.reflect.NativeMethodAccessorImpl.invoke0(Native Method)
	at java.base/jdk.internal.reflect.NativeMethodAccessorImpl.invoke(NativeMethodAccessorImpl.java:77)
	at java.base/jdk.internal.reflect.DelegatingMethodAccessorImpl.invoke(DelegatingMethodAccessorImpl.java:43)
	at java.base/java.lang.reflect.Method.invoke(Method.java:568)
	at sun.reflect.misc.Trampoline.invoke(MethodUtil.java:72)
	at jdk.internal.reflect.GeneratedMethodAccessor58.invoke(Unknown Source)
	at java.base/jdk.internal.reflect.DelegatingMethodAccessorImpl.invoke(DelegatingMethodAccessorImpl.java:43)
	at java.base/java.lang.reflect.Method.invoke(Method.java:568)
	at java.base/sun.reflect.misc.MethodUtil.invoke(MethodUtil.java:262)
	at java.management/com.sun.jmx.mbeanserver.ConvertingMethod.invokeWithOpenReturn(ConvertingMethod.java:193)
	at java.management/com.sun.jmx.mbeanserver.ConvertingMethod.invokeWithOpenReturn(ConvertingMethod.java:175)
	at java.management/com.sun.jmx.mbeanserver.MXBeanIntrospector.invokeM2(MXBeanIntrospector.java:117)
	at java.management/com.sun.jmx.mbeanserver.MXBeanIntrospector.invokeM2(MXBeanIntrospector.java:54)
	at java.management/com.sun.jmx.mbeanserver.MBeanIntrospector.invokeM(MBeanIntrospector.java:237)
	at java.management/com.sun.jmx.mbeanserver.PerInterface.invoke(PerInterface.java:138)
	at java.management/com.sun.jmx.mbeanserver.MBeanSupport.invoke(MBeanSupport.java:252)
	at java.management/com.sun.jmx.interceptor.DefaultMBeanServerInterceptor.invoke(DefaultMBeanServerInterceptor.java:814)
	at java.management/com.sun.jmx.mbeanserver.JmxMBeanServer.invoke(JmxMBeanServer.java:802)
	at java.management.rmi/javax.management.remote.rmi.RMIConnectionImpl.doOperation(RMIConnectionImpl.java:1472)
	at java.management.rmi/javax.management.remote.rmi.RMIConnectionImpl$PrivilegedOperation.run(RMIConnectionImpl.java:1310)
	at java.management.rmi/javax.management.remote.rmi.RMIConnectionImpl.doPrivilegedOperation(RMIConnectionImpl.java:1405)
	at java.management.rmi/javax.management.remote.rmi.RMIConnectionImpl.invoke(RMIConnectionImpl.java:829)
	at java.base/jdk.internal.reflect.NativeMethodAccessorImpl.invoke0(Native Method)
	at java.base/jdk.internal.reflect.NativeMethodAccessorImpl.invoke(NativeMethodAccessorImpl.java:77)
	at java.base/jdk.internal.reflect.DelegatingMethodAccessorImpl.invoke(DelegatingMethodAccessorImpl.java:43)
	at java.base/java.lang.reflect.Method.invoke(Method.java:568)
	at java.rmi/sun.rmi.server.UnicastServerRef.dispatch(UnicastServerRef.java:360)
	at java.rmi/sun.rmi.transport.Transport$1.run(Transport.java:200)
	at java.rmi/sun.rmi.transport.Transport$1.run(Transport.java:197)
	at java.base/java.security.AccessController.doPrivileged(AccessController.java:712)
	at java.rmi/sun.rmi.transport.Transport.serviceCall(Transport.java:196)
	at java.rmi/sun.rmi.transport.tcp.TCPTransport.handleMessages(TCPTransport.java:587)
	at java.rmi/sun.rmi.transport.tcp.TCPTransport$ConnectionHandler.run0(TCPTransport.java:828)
	at java.rmi/sun.rmi.transport.tcp.TCPTransport$ConnectionHandler.lambda$run$0(TCPTransport.java:705)
	at java.base/java.security.AccessController.doPrivileged(AccessController.java:399)
	at java.rmi/sun.rmi.transport.tcp.TCPTransport$ConnectionHandler.run(TCPTransport.java:704)
	at java.base/java.util.concurrent.ThreadPoolExecutor.runWorker(ThreadPoolExecutor.java:1136)
	at java.base/java.util.concurrent.ThreadPoolExecutor$Worker.run(ThreadPoolExecutor.java:635)
	at java.base/java.lang.Thread.run(Thread.java:833)
2022-04-27 12:55:22,682 INFO  DiscoveryClient:960 - [] Completed shut down of DiscoveryClient
2022-05-30 11:55:10,646 INFO  StartupInfoLogger:55 - [] Starting CarWashWasherApplication using Java 17.0.1 on DESKTOP-8H865BL with PID 15600 (C:\Users\hp\Desktop\case-study-main\case-study-main\CarWashWasher\target\classes started by hp in C:\Users\hp\Desktop\case-study-main\case-study-main\CarWashWasher)
2022-05-30 11:55:10,652 INFO  SpringApplication:640 - [] No active profile set, falling back to 1 default profile: "default"
2022-05-30 11:55:12,164 INFO  RepositoryConfigurationDelegate:132 - [] Bootstrapping Spring Data MongoDB repositories in DEFAULT mode.
2022-05-30 11:55:12,359 INFO  RepositoryConfigurationDelegate:201 - [] Finished Spring Data repository scanning in 187 ms. Found 1 MongoDB repository interfaces.
2022-05-30 11:55:12,615 INFO  GenericScope:283 - [] BeanFactory id=ff29e8c2-c3e6-3a32-b817-3240761dfdef
2022-05-30 11:55:12,922 INFO  TomcatWebServer:108 - [] Tomcat initialized with port(s): 9004 (http)
2022-05-30 11:55:12,933 INFO  DirectJDKLog:173 - [] Starting service [Tomcat]
2022-05-30 11:55:12,933 INFO  DirectJDKLog:173 - [] Starting Servlet engine: [Apache Tomcat/9.0.60]
2022-05-30 11:55:13,088 INFO  DirectJDKLog:173 - [] Initializing Spring embedded WebApplicationContext
2022-05-30 11:55:13,088 INFO  ServletWebServerApplicationContext:290 - [] Root WebApplicationContext: initialization completed in 2364 ms
2022-05-30 11:55:14,094 INFO  SLF4JLogger:71 - [] Cluster created with settings {hosts=[127.0.0.1:27017], srvHost=cluster0.d166r.mongodb.net, mode=MULTIPLE, requiredClusterType=REPLICA_SET, serverSelectionTimeout='30000 ms', requiredReplicaSetName='atlas-8hn51r-shard-0'}
2022-05-30 11:55:14,176 WARN  CustomConversions:261 - [] Registering converter from class java.time.LocalDateTime to class org.joda.time.LocalDateTime as reading converter although it doesn't convert from a store-supported type! You might want to check your annotation setup at the converter implementation.
2022-05-30 11:55:14,282 INFO  SLF4JLogger:71 - [] Adding discovered server cluster0-shard-00-02.d166r.mongodb.net:27017 to client view of cluster
2022-05-30 11:55:14,341 INFO  SLF4JLogger:71 - [] Adding discovered server cluster0-shard-00-00.d166r.mongodb.net:27017 to client view of cluster
2022-05-30 11:55:14,345 INFO  SLF4JLogger:71 - [] Adding discovered server cluster0-shard-00-01.d166r.mongodb.net:27017 to client view of cluster
2022-05-30 11:55:14,411 WARN  CustomConversions:261 - [] Registering converter from class java.time.LocalDateTime to class org.joda.time.LocalDateTime as reading converter although it doesn't convert from a store-supported type! You might want to check your annotation setup at the converter implementation.
2022-05-30 11:55:14,933 INFO  SLF4JLogger:71 - [] Opened connection [connectionId{localValue:2, serverValue:330061}] to cluster0-shard-00-00.d166r.mongodb.net:27017
2022-05-30 11:55:14,933 INFO  SLF4JLogger:71 - [] Opened connection [connectionId{localValue:3, serverValue:330055}] to cluster0-shard-00-00.d166r.mongodb.net:27017
2022-05-30 11:55:14,933 INFO  SLF4JLogger:71 - [] Opened connection [connectionId{localValue:4, serverValue:345345}] to cluster0-shard-00-01.d166r.mongodb.net:27017
2022-05-30 11:55:14,933 INFO  SLF4JLogger:71 - [] Opened connection [connectionId{localValue:6, serverValue:345345}] to cluster0-shard-00-01.d166r.mongodb.net:27017
2022-05-30 11:55:14,935 INFO  SLF4JLogger:71 - [] Monitor thread successfully connected to server with description ServerDescription{address=cluster0-shard-00-00.d166r.mongodb.net:27017, type=REPLICA_SET_SECONDARY, state=CONNECTED, ok=true, minWireVersion=0, maxWireVersion=13, maxDocumentSize=16777216, logicalSessionTimeoutMinutes=30, roundTripTimeNanos=280475200, setName='atlas-8hn51r-shard-0', canonicalAddress=cluster0-shard-00-00.d166r.mongodb.net:27017, hosts=[cluster0-shard-00-00.d166r.mongodb.net:27017, cluster0-shard-00-01.d166r.mongodb.net:27017, cluster0-shard-00-02.d166r.mongodb.net:27017], passives=[], arbiters=[], primary='cluster0-shard-00-01.d166r.mongodb.net:27017', tagSet=TagSet{[Tag{name='nodeType', value='ELECTABLE'}, Tag{name='provider', value='AWS'}, Tag{name='region', value='AP_SOUTH_1'}, Tag{name='workloadType', value='OPERATIONAL'}]}, electionId=null, setVersion=4, topologyVersion=TopologyVersion{processId=62875ba8e4ca7ff602115b44, counter=4}, lastWriteDate=Mon May 30 11:55:14 IST 2022, lastUpdateTimeNanos=5484864554600}
2022-05-30 11:55:14,935 INFO  SLF4JLogger:71 - [] Monitor thread successfully connected to server with description ServerDescription{address=cluster0-shard-00-01.d166r.mongodb.net:27017, type=REPLICA_SET_PRIMARY, state=CONNECTED, ok=true, minWireVersion=0, maxWireVersion=13, maxDocumentSize=16777216, logicalSessionTimeoutMinutes=30, roundTripTimeNanos=279171500, setName='atlas-8hn51r-shard-0', canonicalAddress=cluster0-shard-00-01.d166r.mongodb.net:27017, hosts=[cluster0-shard-00-00.d166r.mongodb.net:27017, cluster0-shard-00-01.d166r.mongodb.net:27017, cluster0-shard-00-02.d166r.mongodb.net:27017], passives=[], arbiters=[], primary='cluster0-shard-00-01.d166r.mongodb.net:27017', tagSet=TagSet{[Tag{name='nodeType', value='ELECTABLE'}, Tag{name='provider', value='AWS'}, Tag{name='region', value='AP_SOUTH_1'}, Tag{name='workloadType', value='OPERATIONAL'}]}, electionId=7fffffff0000000000000066, setVersion=4, topologyVersion=TopologyVersion{processId=62875ce7eb299fa8a160d91a, counter=6}, lastWriteDate=Mon May 30 11:55:14 IST 2022, lastUpdateTimeNanos=5484864718800}
2022-05-30 11:55:14,933 INFO  SLF4JLogger:71 - [] Opened connection [connectionId{localValue:5, serverValue:328334}] to cluster0-shard-00-02.d166r.mongodb.net:27017
2022-05-30 11:55:14,940 INFO  SLF4JLogger:71 - [] Setting max election id to 7fffffff0000000000000066 from replica set primary cluster0-shard-00-01.d166r.mongodb.net:27017
2022-05-30 11:55:14,940 INFO  SLF4JLogger:71 - [] Setting max set version to 4 from replica set primary cluster0-shard-00-01.d166r.mongodb.net:27017
2022-05-30 11:55:14,941 INFO  SLF4JLogger:71 - [] Discovered replica set primary cluster0-shard-00-01.d166r.mongodb.net:27017
2022-05-30 11:55:15,274 INFO  SLF4JLogger:71 - [] Opened connection [connectionId{localValue:1, serverValue:328334}] to cluster0-shard-00-02.d166r.mongodb.net:27017
2022-05-30 11:55:15,275 INFO  SLF4JLogger:71 - [] Monitor thread successfully connected to server with description ServerDescription{address=cluster0-shard-00-02.d166r.mongodb.net:27017, type=REPLICA_SET_SECONDARY, state=CONNECTED, ok=true, minWireVersion=0, maxWireVersion=13, maxDocumentSize=16777216, logicalSessionTimeoutMinutes=30, roundTripTimeNanos=622573500, setName='atlas-8hn51r-shard-0', canonicalAddress=cluster0-shard-00-02.d166r.mongodb.net:27017, hosts=[cluster0-shard-00-00.d166r.mongodb.net:27017, cluster0-shard-00-01.d166r.mongodb.net:27017, cluster0-shard-00-02.d166r.mongodb.net:27017], passives=[], arbiters=[], primary='cluster0-shard-00-01.d166r.mongodb.net:27017', tagSet=TagSet{[Tag{name='nodeType', value='ELECTABLE'}, Tag{name='provider', value='AWS'}, Tag{name='region', value='AP_SOUTH_1'}, Tag{name='workloadType', value='OPERATIONAL'}]}, electionId=null, setVersion=4, topologyVersion=TopologyVersion{processId=62875e458b62f2cf724b88a1, counter=3}, lastWriteDate=Mon May 30 11:55:15 IST 2022, lastUpdateTimeNanos=5485206655300}
2022-05-30 11:55:15,770 INFO  DiscoveryClientOptionalArgsConfiguration:68 - [] Eureka HTTP Client uses RestTemplate.
2022-05-30 11:55:15,968 WARN  LoadBalancerCacheAutoConfiguration$LoadBalancerCaffeineWarnLogger:82 - [] Spring Cloud LoadBalancer is currently working with the default cache. While this cache implementation is useful for development and tests, it's recommended to use Caffeine cache in production.You can switch to using Caffeine cache, by adding it and org.springframework.cache.caffeine.CaffeineCacheManager to the classpath.
2022-05-30 11:55:16,045 INFO  InstanceInfoFactory:67 - [] Setting initial instance status as: STARTING
2022-05-30 11:55:16,102 INFO  DiscoveryClient:372 - [] Initializing Eureka in region us-east-1
2022-05-30 11:55:16,108 INFO  ConfigClusterResolver:43 - [] Resolving eureka endpoints via configuration
2022-05-30 11:55:16,146 INFO  DiscoveryClient:1007 - [] Disable delta property : false
2022-05-30 11:55:16,147 INFO  DiscoveryClient:1008 - [] Single vip registry refresh property : null
2022-05-30 11:55:16,147 INFO  DiscoveryClient:1009 - [] Force full registry fetch : false
2022-05-30 11:55:16,147 INFO  DiscoveryClient:1010 - [] Application is null : false
2022-05-30 11:55:16,148 INFO  DiscoveryClient:1011 - [] Registered Applications size is zero : true
2022-05-30 11:55:16,148 INFO  DiscoveryClient:1013 - [] Application version is -1: true
2022-05-30 11:55:16,148 INFO  DiscoveryClient:1097 - [] Getting all instance registry info from the eureka server
2022-05-30 11:55:16,420 INFO  DiscoveryClient:1106 - [] The response status is 200
2022-05-30 11:55:16,425 INFO  DiscoveryClient:1321 - [] Starting heartbeat executor: renew interval is: 30
2022-05-30 11:55:16,432 INFO  InstanceInfoReplicator:60 - [] InstanceInfoReplicator onDemand update allowed rate per min is 4
2022-05-30 11:55:16,444 INFO  DiscoveryClient:492 - [] Discovery Client initialized at timestamp 1653891916443 with initial instances count: 0
2022-05-30 11:55:16,445 INFO  EurekaServiceRegistry:41 - [] Registering application WASHER-MICROSERVICE with eureka with status UP
2022-05-30 11:55:16,446 INFO  DiscoveryClient$3:1352 - [] Saw local status change event StatusChangeEvent [timestamp=1653891916446, current=UP, previous=STARTING]
2022-05-30 11:55:16,448 INFO  DiscoveryClient:873 - [] DiscoveryClient_WASHER-MICROSERVICE/DESKTOP-8H865BL:washer-microservice:9004: registering service...
2022-05-30 11:55:16,485 INFO  TomcatWebServer:220 - [] Tomcat started on port(s): 9004 (http) with context path ''
2022-05-30 11:55:16,486 INFO  EurekaAutoServiceRegistration:144 - [] Updating port to 9004
2022-05-30 11:55:16,510 INFO  DiscoveryClient:882 - [] DiscoveryClient_WASHER-MICROSERVICE/DESKTOP-8H865BL:washer-microservice:9004 - registration status: 204
2022-05-30 11:55:16,872 INFO  StartupInfoLogger:61 - [] Started CarWashWasherApplication in 7.177 seconds (JVM running for 8.342)
2022-05-30 11:55:46,428 INFO  DiscoveryClient:1007 - [] Disable delta property : false
2022-05-30 11:55:46,429 INFO  DiscoveryClient:1008 - [] Single vip registry refresh property : null
2022-05-30 11:55:46,429 INFO  DiscoveryClient:1009 - [] Force full registry fetch : false
2022-05-30 11:55:46,429 INFO  DiscoveryClient:1010 - [] Application is null : false
2022-05-30 11:55:46,429 INFO  DiscoveryClient:1011 - [] Registered Applications size is zero : true
2022-05-30 11:55:46,429 INFO  DiscoveryClient:1013 - [] Application version is -1: false
2022-05-30 11:55:46,430 INFO  DiscoveryClient:1097 - [] Getting all instance registry info from the eureka server
2022-05-30 11:55:46,441 INFO  DiscoveryClient:1106 - [] The response status is 200
2022-05-30 12:00:16,176 INFO  ConfigClusterResolver:43 - [] Resolving eureka endpoints via configuration
2022-05-30 12:05:16,215 INFO  ConfigClusterResolver:43 - [] Resolving eureka endpoints via configuration
2022-05-30 12:10:16,248 INFO  ConfigClusterResolver:43 - [] Resolving eureka endpoints via configuration
2022-05-30 12:15:16,270 INFO  ConfigClusterResolver:43 - [] Resolving eureka endpoints via configuration
2022-05-30 12:20:16,292 INFO  ConfigClusterResolver:43 - [] Resolving eureka endpoints via configuration
2022-05-30 12:25:16,357 INFO  ConfigClusterResolver:43 - [] Resolving eureka endpoints via configuration
2022-05-30 12:30:16,374 INFO  ConfigClusterResolver:43 - [] Resolving eureka endpoints via configuration
2022-05-30 12:35:16,400 INFO  ConfigClusterResolver:43 - [] Resolving eureka endpoints via configuration
2022-05-30 12:40:16,419 INFO  ConfigClusterResolver:43 - [] Resolving eureka endpoints via configuration
2022-05-30 12:45:11,815 INFO  SpringApplicationAdminMXBeanRegistrar$SpringApplicationAdmin:159 - [] Application shutdown requested.
2022-05-30 12:45:11,973 INFO  EurekaServiceRegistry:62 - [] Unregistering application WASHER-MICROSERVICE with eureka with status DOWN
2022-05-30 12:45:11,979 INFO  DiscoveryClient$3:1352 - [] Saw local status change event StatusChangeEvent [timestamp=1653894911979, current=DOWN, previous=UP]
2022-05-30 12:45:11,984 INFO  DiscoveryClient:873 - [] DiscoveryClient_WASHER-MICROSERVICE/DESKTOP-8H865BL:washer-microservice:9004: registering service...
2022-05-30 12:45:12,102 INFO  DiscoveryClient:882 - [] DiscoveryClient_WASHER-MICROSERVICE/DESKTOP-8H865BL:washer-microservice:9004 - registration status: 204
2022-05-30 12:45:13,303 INFO  DiscoveryClient:935 - [] Shutting down DiscoveryClient ...
2022-05-30 12:45:16,356 INFO  DiscoveryClient:971 - [] Unregistering ...
2022-05-30 12:45:16,382 INFO  DiscoveryClient:973 - [] DiscoveryClient_WASHER-MICROSERVICE/DESKTOP-8H865BL:washer-microservice:9004 - deregister  status: 200
2022-05-30 12:45:16,467 INFO  DiscoveryClient:960 - [] Completed shut down of DiscoveryClient
